<?xml version="1.0" encoding="UTF-8"?>
<testng-results skipped="0" failed="0" ignored="0" total="1" passed="1">
  <reporter-output>
  </reporter-output>
  <suite name="Data Driven Basics" duration-ms="3078" started-at="2018-07-23T11:50:10Z" finished-at="2018-07-23T11:50:13Z">
    <groups>
    </groups>
    <test name="Login Test" duration-ms="3078" started-at="2018-07-23T11:50:10Z" finished-at="2018-07-23T11:50:13Z">
      <class name="com.w2a.testcases.LoginTest">
        <test-method status="PASS" signature="setUp()[pri:0, instance:com.w2a.testcases.LoginTest@23e028a9]" name="setUp" is-config="true" duration-ms="6030" started-at="2018-07-23T11:50:04Z" finished-at="2018-07-23T11:50:10Z">
          <reporter-output>
          </reporter-output>
        </test-method> <!-- setUp -->
        <test-method status="PASS" signature="loginAsBankManager()[pri:0, instance:com.w2a.testcases.LoginTest@23e028a9]" name="loginAsBankManager" duration-ms="3059" started-at="2018-07-23T11:50:10Z" finished-at="2018-07-23T11:50:13Z">
          <reporter-output>
          </reporter-output>
        </test-method> <!-- loginAsBankManager -->
        <test-method status="PASS" signature="tearDown()[pri:0, instance:com.w2a.testcases.LoginTest@23e028a9]" name="tearDown" is-config="true" duration-ms="666" started-at="2018-07-23T11:50:13Z" finished-at="2018-07-23T11:50:14Z">
          <reporter-output>
          </reporter-output>
        </test-method> <!-- tearDown -->
      </class> <!-- com.w2a.testcases.LoginTest -->
    </test> <!-- Login Test -->
  </suite> <!-- Data Driven Basics -->
</testng-results>
